2025-08-02 12:33:02,737 - dingtalk_dify_adapter - INFO - ³É¹¦¼ÓÔØÅäÖÃÎÄ¼ş: config.json
2025-08-02 12:33:02,738 - dingtalk_dify_adapter - INFO - ======================================
2025-08-02 12:33:02,738 - dingtalk_dify_adapter - INFO -     ¶¤¶¤-Dify ÏûÏ¢ÊÊÅäÆ÷ (Stream°æ)    
2025-08-02 12:33:02,738 - dingtalk_dify_adapter - INFO - ======================================
2025-08-02 12:33:02,738 - dingtalk_dify_adapter - INFO - ÅäÖÃÎÄ¼ş: config.json
2025-08-02 12:33:02,739 - dingtalk_dify_adapter - INFO - Dify API: http://1.92.133.173/v1
2025-08-02 12:33:02,739 - dingtalk_dify_adapter - INFO - Dify Ó¦ÓÃÀàĞÍ: chat
2025-08-02 12:33:02,739 - dingtalk_dify_adapter - INFO - Á÷Ê½Êä³öÄ£Ê½: ai_card
2025-08-02 12:33:02,739 - dingtalk_dify_adapter - INFO - ²âÊÔDify APIÁ¬½Ó: http://1.92.133.173/v1
2025-08-02 12:33:02,796 - dingtalk_dify_adapter - INFO - Dify APIÁ¬½Ó²âÊÔ½á¹û: ×´Ì¬Âë=200
2025-08-02 12:33:02,796 - dingtalk_dify_adapter - INFO - ³É¹¦´´½¨¶¤¶¤Stream¿Í»§¶Ë
2025-08-02 12:33:02,796 - dingtalk_dify_adapter - INFO - Ê¹ÓÃAI¿¨Æ¬Á÷Ê½Êä³öÄ£Ê½
2025-08-02 12:33:02,796 - dingtalk_dify_adapter - INFO - ³É¹¦×¢²áAI¿¨Æ¬Á÷Ê½´¦ÀíÆ÷£¬Ä£°åID: 9dfa95b6-7c55-4a11-8666-b7cc5577f5a8.schema
2025-08-02 12:33:02,796 - dingtalk_dify_adapter - INFO - Æô¶¯Stream¿Í»§¶Ë...
2025-08-02 12:34:03,276 - dingtalk_dify_adapter - INFO - ³É¹¦¼ÓÔØÅäÖÃÎÄ¼ş: config.json
2025-08-02 12:34:03,276 - dingtalk_dify_adapter - INFO - ======================================
2025-08-02 12:34:03,276 - dingtalk_dify_adapter - INFO -     ¶¤¶¤-Dify ÏûÏ¢ÊÊÅäÆ÷ (Stream°æ)    
2025-08-02 12:34:03,276 - dingtalk_dify_adapter - INFO - ======================================
2025-08-02 12:34:03,276 - dingtalk_dify_adapter - INFO - ÅäÖÃÎÄ¼ş: config.json
2025-08-02 12:34:03,276 - dingtalk_dify_adapter - INFO - Dify API: http://1.92.133.173/v1
2025-08-02 12:34:03,276 - dingtalk_dify_adapter - INFO - Dify Ó¦ÓÃÀàĞÍ: chat
2025-08-02 12:34:03,276 - dingtalk_dify_adapter - INFO - Á÷Ê½Êä³öÄ£Ê½: ai_card
2025-08-02 12:34:03,276 - dingtalk_dify_adapter - INFO - ²âÊÔDify APIÁ¬½Ó: http://1.92.133.173/v1
2025-08-02 12:34:03,365 - dingtalk_dify_adapter - INFO - Dify APIÁ¬½Ó²âÊÔ½á¹û: ×´Ì¬Âë=200
2025-08-02 12:34:03,365 - dingtalk_dify_adapter - INFO - ³É¹¦´´½¨¶¤¶¤Stream¿Í»§¶Ë
2025-08-02 12:34:03,365 - dingtalk_dify_adapter - INFO - Ê¹ÓÃAI¿¨Æ¬Á÷Ê½Êä³öÄ£Ê½
2025-08-02 12:34:03,365 - dingtalk_dify_adapter - INFO - ³É¹¦×¢²áAI¿¨Æ¬Á÷Ê½´¦ÀíÆ÷£¬Ä£°åID: 9dfa95b6-7c55-4a11-8666-b7cc5577f5a8.schema
2025-08-02 12:34:03,365 - dingtalk_dify_adapter - INFO - Æô¶¯Stream¿Í»§¶Ë...
2025-08-02 12:34:03,365 - dingtalk_stream.client - INFO - open connection, url=https://api.dingtalk.com/v1.0/gateway/connections/open
2025-08-02 12:34:03,469 - dingtalk_stream.client - INFO - endpoint is {'endpoint': 'wss://wss-open-connection.dingtalk.com:443/connect', 'ticket': 'eb186f7a-6f59-11f0-89fb-2eaa794b294e'}
2025-08-02 12:34:16,553 - dingtalk_stream.client - INFO - open connection, url=https://api.dingtalk.com/v1.0/gateway/connections/open
2025-08-02 12:34:16,627 - dingtalk_stream.client - INFO - endpoint is {'endpoint': 'wss://wss-open-connection.dingtalk.com:443/connect', 'ticket': 'f2f01541-6f59-11f0-80bd-52afbb2bd5e8'}
2025-08-02 12:35:00,370 - dingtalk_dify_adapter - INFO - ÊÕµ½ÏûÏ¢: ÄãºÃ
2025-08-02 12:35:00,371 - dingtalk_dify_adapter - ERROR - ´¦ÀíÏûÏ¢Ê±³ö´í: name 'DingTalkClient' is not defined
Traceback (most recent call last):
  File "C:\Users\Administrator\Desktop\dingtalk\app.py", line 455, in process_with_ai_card
    dingtalk_client = DingTalkClient(
                      ^^^^^^^^^^^^^^
NameError: name 'DingTalkClient' is not defined. Did you mean: 'DingTalkStreamClient'?
2025-08-02 12:39:52 - dingtalk_dify_adapter - INFO - [app:95] - æˆåŠŸåŠ è½½é…ç½®æ–‡ä»¶: config.json
2025-08-02 12:39:52,820 - dingtalk_dify_adapter - INFO - ³É¹¦¼ÓÔØÅäÖÃÎÄ¼ş: config.json
2025-08-02 12:39:52 - dingtalk_dify_adapter - INFO - [app:612] - ======================================
2025-08-02 12:39:52,821 - dingtalk_dify_adapter - INFO - ======================================
2025-08-02 12:39:52 - dingtalk_dify_adapter - INFO - [app:613] -     é’‰é’‰-Dify æ¶ˆæ¯é€‚é…å™¨ (Streamç‰ˆ)    
2025-08-02 12:39:52,821 - dingtalk_dify_adapter - INFO -     ¶¤¶¤-Dify ÏûÏ¢ÊÊÅäÆ÷ (Stream°æ)    
2025-08-02 12:39:52 - dingtalk_dify_adapter - INFO - [app:614] - ======================================
2025-08-02 12:39:52,822 - dingtalk_dify_adapter - INFO - ======================================
2025-08-02 12:39:52 - dingtalk_dify_adapter - INFO - [app:615] - é…ç½®æ–‡ä»¶: config.json
2025-08-02 12:39:52,822 - dingtalk_dify_adapter - INFO - ÅäÖÃÎÄ¼ş: config.json
2025-08-02 12:39:52 - dingtalk_dify_adapter - INFO - [app:616] - Dify API: http://1.92.133.173/v1
2025-08-02 12:39:52,822 - dingtalk_dify_adapter - INFO - Dify API: http://1.92.133.173/v1
2025-08-02 12:39:52 - dingtalk_dify_adapter - INFO - [app:617] - Dify åº”ç”¨ç±»å‹: chat
2025-08-02 12:39:52,822 - dingtalk_dify_adapter - INFO - Dify Ó¦ÓÃÀàĞÍ: chat
2025-08-02 12:39:52 - dingtalk_dify_adapter - INFO - [app:631] - æµå¼è¾“å‡ºæ¨¡å¼: ai_card
2025-08-02 12:39:52,823 - dingtalk_dify_adapter - INFO - Á÷Ê½Êä³öÄ£Ê½: ai_card
2025-08-02 12:39:52 - dingtalk_dify_adapter - INFO - [app:601] - æµ‹è¯•Dify APIè¿æ¥: http://1.92.133.173/v1
2025-08-02 12:39:52,823 - dingtalk_dify_adapter - INFO - ²âÊÔDify APIÁ¬½Ó: http://1.92.133.173/v1
2025-08-02 12:39:52 - dingtalk_dify_adapter - INFO - [app:604] - Dify APIè¿æ¥æµ‹è¯•ç»“æœ: çŠ¶æ€ç =200
2025-08-02 12:39:52,873 - dingtalk_dify_adapter - INFO - Dify APIÁ¬½Ó²âÊÔ½á¹û: ×´Ì¬Âë=200
2025-08-02 12:39:52 - dingtalk_dify_adapter - INFO - [app:650] - æˆåŠŸåˆ›å»ºé’‰é’‰Streamå®¢æˆ·ç«¯
2025-08-02 12:39:52,873 - dingtalk_dify_adapter - INFO - ³É¹¦´´½¨¶¤¶¤Stream¿Í»§¶Ë
2025-08-02 12:39:52 - dingtalk_dify_adapter - INFO - [app:669] - ä½¿ç”¨AIå¡ç‰‡æµå¼è¾“å‡ºæ¨¡å¼
2025-08-02 12:39:52,874 - dingtalk_dify_adapter - INFO - Ê¹ÓÃAI¿¨Æ¬Á÷Ê½Êä³öÄ£Ê½
2025-08-02 12:39:52 - dingtalk_dify_adapter - INFO - [app:686] - æˆåŠŸæ³¨å†ŒAIå¡ç‰‡æµå¼å¤„ç†å™¨ï¼Œæ¨¡æ¿ID: 9dfa95b6-7c55-4a11-8666-b7cc5577f5a8.schema
2025-08-02 12:39:52,874 - dingtalk_dify_adapter - INFO - ³É¹¦×¢²áAI¿¨Æ¬Á÷Ê½´¦ÀíÆ÷£¬Ä£°åID: 9dfa95b6-7c55-4a11-8666-b7cc5577f5a8.schema
2025-08-02 12:39:52 - dingtalk_dify_adapter - INFO - [app:694] - å¯åŠ¨Streamå®¢æˆ·ç«¯...
2025-08-02 12:39:52,874 - dingtalk_dify_adapter - INFO - Æô¶¯Stream¿Í»§¶Ë...
2025-08-02 12:39:52,875 - dingtalk_stream.client - INFO - open connection, url=https://api.dingtalk.com/v1.0/gateway/connections/open
2025-08-02 12:39:52,947 - dingtalk_stream.client - INFO - endpoint is {'endpoint': 'wss://wss-open-connection.dingtalk.com:443/connect', 'ticket': 'bb656cdb-6f5a-11f0-884b-5a20030ba585'}
2025-08-02 12:40:06,011 - dingtalk_stream.client - INFO - open connection, url=https://api.dingtalk.com/v1.0/gateway/connections/open
2025-08-02 12:40:06,088 - dingtalk_stream.client - INFO - endpoint is {'endpoint': 'wss://wss-open-connection.dingtalk.com:443/connect', 'ticket': 'c33ae446-6f5a-11f0-bee8-0eb3b764c0bb'}
2025-08-02 15:22:59 [DEBUG   ] dingtalk_dify_adapter: è¿™æ˜¯ä¸€æ¡è°ƒè¯•ä¿¡æ¯
2025-08-02 15:22:59 [INFO    ] dingtalk_dify_adapter: è¿™æ˜¯ä¸€æ¡æ™®é€šä¿¡æ¯
2025-08-02 15:22:59 [WARNING ] dingtalk_dify_adapter: è¿™æ˜¯ä¸€æ¡è­¦å‘Šä¿¡æ¯ï¼ŒåŒ…å«æºä»£ç ä½ç½® [test_logger:16]
2025-08-02 15:22:59 [ERROR   ] dingtalk_dify_adapter: è¿™æ˜¯ä¸€æ¡é”™è¯¯ä¿¡æ¯ï¼Œå¸¦æœ‰æºä»£ç ä½ç½® [test_logger:17]
2025-08-02 15:22:59 [ERROR   ] dingtalk_dify_adapter: è¿™æ˜¯ä¸€æ¡å¸¦æœ‰å¼‚å¸¸å †æ ˆçš„é”™è¯¯ä¿¡æ¯
Traceback (most recent call last):
  File "C:\Users\Administrator\Desktop\dingtalk\test_logger.py", line 20, in test_log_levels
    result = 10 / 0
             ~~~^~~
ZeroDivisionError: division by zero [test_logger:22]
Traceback (most recent call last):
  File "C:\Users\Administrator\Desktop\dingtalk\test_logger.py", line 20, in test_log_levels
    result = 10 / 0
             ~~~^~~
ZeroDivisionError: division by zero
2025-08-02 15:22:59 [CRITICAL] dingtalk_dify_adapter: è¿™æ˜¯ä¸€æ¡ä¸¥é‡é”™è¯¯ä¿¡æ¯ï¼Œå¸¦æœ‰é«˜äº®èƒŒæ™¯ [test_logger:24]
2025-08-02 15:24:02 [DEBUG   ] dingtalk_dify_adapter: è¿™æ˜¯ä¸€æ¡è°ƒè¯•ä¿¡æ¯
2025-08-02 15:24:02 [INFO    ] dingtalk_dify_adapter: è¿™æ˜¯ä¸€æ¡æ™®é€šä¿¡æ¯
2025-08-02 15:24:02 [WARNING ] dingtalk_dify_adapter: è¿™æ˜¯ä¸€æ¡è­¦å‘Šä¿¡æ¯ï¼ŒåŒ…å«æºä»£ç ä½ç½® [test_logger:16]
2025-08-02 15:24:02 [ERROR   ] dingtalk_dify_adapter: è¿™æ˜¯ä¸€æ¡é”™è¯¯ä¿¡æ¯ï¼Œå¸¦æœ‰æºä»£ç ä½ç½® [test_logger:17]
2025-08-02 15:24:02 [ERROR   ] dingtalk_dify_adapter: è¿™æ˜¯ä¸€æ¡å¸¦æœ‰å¼‚å¸¸å †æ ˆçš„é”™è¯¯ä¿¡æ¯
Traceback (most recent call last):
  File "C:\Users\Administrator\Desktop\dingtalk\test_logger.py", line 20, in test_log_levels
    result = 10 / 0
             ~~~^~~
ZeroDivisionError: division by zero [test_logger:22]
Traceback (most recent call last):
  File "C:\Users\Administrator\Desktop\dingtalk\test_logger.py", line 20, in test_log_levels
    result = 10 / 0
             ~~~^~~
ZeroDivisionError: division by zero
2025-08-02 15:24:02 [CRITICAL] dingtalk_dify_adapter: è¿™æ˜¯ä¸€æ¡ä¸¥é‡é”™è¯¯ä¿¡æ¯ï¼Œå¸¦æœ‰é«˜äº®èƒŒæ™¯ [test_logger:24]
2025-08-02 15:31:46 [INFO    ] dingtalk_dify_adapter: æˆåŠŸåŠ è½½é…ç½®æ–‡ä»¶: config.json
2025-08-04 10:53:07 [INFO    ] dingtalk_dify_adapter: æˆåŠŸä»ç¯å¢ƒå˜é‡åŠ è½½é…ç½®
2025-08-04 10:54:24 [INFO    ] dingtalk_dify_adapter: æˆåŠŸä»ç¯å¢ƒå˜é‡åŠ è½½é…ç½®
2025-08-10 12:44:56 [INFO    ] dingtalk_dify_adapter: æ­£åœ¨åº”ç”¨SSLä¿®å¤...
2025-08-10 12:44:59 [INFO    ] dingtalk_dify_adapter: SSLä¿®å¤å®Œæˆ: 7/7 é¡¹æˆåŠŸ
2025-08-10 12:44:59 [WARNING ] dingtalk_dify_adapter: Dify APIè¿æ¥æµ‹è¯•å¤±è´¥ï¼Œä½†ç»§ç»­å¯åŠ¨... [app:501]
2025-08-10 12:44:59 [INFO    ] dingtalk_dify_adapter: ä½¿ç”¨æ¨¡å—åŒ–å¤„ç†å™¨
2025-08-10 12:44:59 [INFO    ] dingtalk_dify_adapter: ä½¿ç”¨ChatbotMessage.TOPICæ³¨å†Œå¤„ç†å™¨
2025-08-10 12:44:59 [INFO    ] dingtalk_dify_adapter: å¯åŠ¨é’‰é’‰-Difyæµå¼é€‚é…å™¨ - ç»Ÿä¸€ç‰ˆ...
2025-08-10 12:44:59 [INFO    ] dingtalk_dify_adapter: æœåŠ¡å™¨åœ°å€: 0.0.0.0:8080
2025-08-10 12:44:59 [INFO    ] dingtalk_dify_adapter: Dify API: http://1.92.133.173/v1
2025-08-10 12:44:59 [INFO    ] dingtalk_dify_adapter: å¤„ç†å™¨ç±»å‹: æ¨¡å—åŒ–
2025-08-10 12:44:59 [INFO    ] dingtalk_dify_adapter: æ”¯æŒçš„æ¶ˆæ¯ç±»å‹: æ–‡æœ¬ã€å›¾ç‰‡ã€è¯­éŸ³ã€æ–‡ä»¶
2025-08-10 12:58:01 [INFO    ] dingtalk_dify_adapter: æ­£åœ¨åº”ç”¨SSLä¿®å¤...
2025-08-10 12:58:04 [INFO    ] dingtalk_dify_adapter: SSLä¿®å¤å®Œæˆ: 7/7 é¡¹æˆåŠŸ
2025-08-10 12:58:04 [INFO    ] dingtalk_dify_adapter: Webæ—¥å¿—æœåŠ¡å™¨å¯åŠ¨æˆåŠŸï¼Œç«¯å£: 8080
2025-08-10 12:58:04 [INFO    ] dingtalk_dify_adapter: æ—¥å¿—ç³»ç»Ÿåœ°å€: http://localhost:8080
2025-08-10 12:58:04 [INFO    ] dingtalk_dify_adapter: Webæ—¥å¿—ç³»ç»Ÿå·²å¯åŠ¨ï¼Œç«¯å£: 8080
2025-08-10 12:58:04 [WARNING ] dingtalk_dify_adapter: Dify APIè¿æ¥æµ‹è¯•å¤±è´¥ï¼Œä½†ç»§ç»­å¯åŠ¨... [app:998]
2025-08-10 12:58:04 [INFO    ] dingtalk_dify_adapter: ä½¿ç”¨æ¨¡å—åŒ–å¤„ç†å™¨
2025-08-10 12:58:04 [INFO    ] dingtalk_dify_adapter: ä½¿ç”¨ChatbotMessage.TOPICæ³¨å†Œå¤„ç†å™¨
2025-08-10 12:58:04 [INFO    ] dingtalk_dify_adapter: å¯åŠ¨é’‰é’‰-Difyæµå¼é€‚é…å™¨ - ç»Ÿä¸€ç‰ˆ...
2025-08-10 12:58:04 [INFO    ] dingtalk_dify_adapter: æœåŠ¡å™¨åœ°å€: 0.0.0.0:8080
2025-08-10 12:58:04 [INFO    ] dingtalk_dify_adapter: Dify API: http://1.92.133.173/v1
2025-08-10 12:58:04 [INFO    ] dingtalk_dify_adapter: å¤„ç†å™¨ç±»å‹: æ¨¡å—åŒ–
2025-08-10 12:58:04 [INFO    ] dingtalk_dify_adapter: æ”¯æŒçš„æ¶ˆæ¯ç±»å‹: æ–‡æœ¬ã€å›¾ç‰‡ã€è¯­éŸ³ã€æ–‡ä»¶
2025-08-10 12:58:04 [INFO    ] dingtalk_dify_adapter: æ—¥å¿—ç›‘æ§åœ°å€: http://localhost:8080
2025-08-10 12:58:06 [INFO    ] dingtalk_dify_adapter: å·²è‡ªåŠ¨æ‰“å¼€æµè§ˆå™¨: http://localhost:8080
2025-08-10 13:33:13 [INFO    ] dingtalk_dify_adapter: æ­£åœ¨åº”ç”¨SSLä¿®å¤...
2025-08-10 13:33:15 [INFO    ] dingtalk_dify_adapter: SSLä¿®å¤å®Œæˆ: 7/7 é¡¹æˆåŠŸ
2025-08-10 13:33:15 [INFO    ] dingtalk_dify_adapter: Webæ—¥å¿—æœåŠ¡å™¨å¯åŠ¨æˆåŠŸï¼Œç«¯å£: 9000
2025-08-10 13:33:15 [INFO    ] dingtalk_dify_adapter: æ—¥å¿—ç³»ç»Ÿåœ°å€: http://localhost:9000
2025-08-10 13:33:15 [INFO    ] dingtalk_dify_adapter: Webæ—¥å¿—ç³»ç»Ÿå·²å¯åŠ¨ï¼Œç«¯å£: 9000
2025-08-10 13:33:15 [WARNING ] dingtalk_dify_adapter: Dify APIè¿æ¥æµ‹è¯•å¤±è´¥ï¼Œä½†ç»§ç»­å¯åŠ¨... [app:998]
2025-08-10 13:33:15 [INFO    ] dingtalk_dify_adapter: ä½¿ç”¨æ¨¡å—åŒ–å¤„ç†å™¨
2025-08-10 13:33:15 [INFO    ] dingtalk_dify_adapter: ä½¿ç”¨ChatbotMessage.TOPICæ³¨å†Œå¤„ç†å™¨
2025-08-10 13:33:15 [INFO    ] dingtalk_dify_adapter: å¯åŠ¨é’‰é’‰-Difyæµå¼é€‚é…å™¨ - ç»Ÿä¸€ç‰ˆ...
2025-08-10 13:33:15 [INFO    ] dingtalk_dify_adapter: æœåŠ¡å™¨åœ°å€: 0.0.0.0:9000
2025-08-10 13:33:15 [INFO    ] dingtalk_dify_adapter: Dify API: http://1.92.133.173/v1
2025-08-10 13:33:15 [INFO    ] dingtalk_dify_adapter: å¤„ç†å™¨ç±»å‹: æ¨¡å—åŒ–
2025-08-10 13:33:15 [INFO    ] dingtalk_dify_adapter: æ”¯æŒçš„æ¶ˆæ¯ç±»å‹: æ–‡æœ¬ã€å›¾ç‰‡ã€è¯­éŸ³ã€æ–‡ä»¶
2025-08-10 13:33:15 [INFO    ] dingtalk_dify_adapter: æ—¥å¿—ç›‘æ§åœ°å€: http://localhost:9000
2025-08-10 13:33:18 [INFO    ] dingtalk_dify_adapter: å·²è‡ªåŠ¨æ‰“å¼€æµè§ˆå™¨: http://localhost:9000
2025-08-10 13:37:34 [INFO    ] dingtalk_dify_adapter: æ­£åœ¨åº”ç”¨SSLä¿®å¤...
2025-08-10 13:37:36 [INFO    ] dingtalk_dify_adapter: SSLä¿®å¤å®Œæˆ: 7/7 é¡¹æˆåŠŸ
2025-08-10 13:37:36 [INFO    ] dingtalk_dify_adapter: Webæ—¥å¿—æœåŠ¡å™¨å¯åŠ¨æˆåŠŸï¼Œç«¯å£: 9002
2025-08-10 13:37:36 [INFO    ] dingtalk_dify_adapter: æ—¥å¿—ç³»ç»Ÿåœ°å€: http://localhost:9002
2025-08-10 13:37:36 [INFO    ] dingtalk_dify_adapter: Webæ—¥å¿—ç³»ç»Ÿå·²å¯åŠ¨ï¼Œç«¯å£: 9002
2025-08-10 13:37:36 [WARNING ] dingtalk_dify_adapter: Dify APIè¿æ¥æµ‹è¯•å¤±è´¥ï¼Œä½†ç»§ç»­å¯åŠ¨... [app:998]
2025-08-10 13:37:36 [INFO    ] dingtalk_dify_adapter: ä½¿ç”¨æ¨¡å—åŒ–å¤„ç†å™¨
2025-08-10 13:37:36 [INFO    ] dingtalk_dify_adapter: ä½¿ç”¨ChatbotMessage.TOPICæ³¨å†Œå¤„ç†å™¨
2025-08-10 13:37:36 [INFO    ] dingtalk_dify_adapter: å¯åŠ¨é’‰é’‰-Difyæµå¼é€‚é…å™¨ - ç»Ÿä¸€ç‰ˆ...
2025-08-10 13:37:36 [INFO    ] dingtalk_dify_adapter: æœåŠ¡å™¨åœ°å€: 0.0.0.0:9000
2025-08-10 13:37:36 [INFO    ] dingtalk_dify_adapter: Dify API: http://1.92.133.173/v1
2025-08-10 13:37:36 [INFO    ] dingtalk_dify_adapter: å¤„ç†å™¨ç±»å‹: æ¨¡å—åŒ–
2025-08-10 13:37:36 [INFO    ] dingtalk_dify_adapter: æ”¯æŒçš„æ¶ˆæ¯ç±»å‹: æ–‡æœ¬ã€å›¾ç‰‡ã€è¯­éŸ³ã€æ–‡ä»¶
2025-08-10 13:37:36 [INFO    ] dingtalk_dify_adapter: æ—¥å¿—ç›‘æ§åœ°å€: http://localhost:9002
2025-08-10 13:37:39 [INFO    ] dingtalk_dify_adapter: å·²è‡ªåŠ¨æ‰“å¼€æµè§ˆå™¨: http://localhost:9002
2025-08-10 13:38:30 [INFO    ] dingtalk_dify_adapter: æ­£åœ¨åº”ç”¨SSLä¿®å¤...
2025-08-10 13:38:33 [INFO    ] dingtalk_dify_adapter: SSLä¿®å¤å®Œæˆ: 7/7 é¡¹æˆåŠŸ
2025-08-10 13:38:33 [INFO    ] dingtalk_dify_adapter: Webæ—¥å¿—æœåŠ¡å™¨å¯åŠ¨æˆåŠŸï¼Œç«¯å£: 9001
2025-08-10 13:38:33 [INFO    ] dingtalk_dify_adapter: æ—¥å¿—ç³»ç»Ÿåœ°å€: http://localhost:9001
2025-08-10 13:38:33 [INFO    ] dingtalk_dify_adapter: Webæ—¥å¿—ç³»ç»Ÿå·²å¯åŠ¨ï¼Œç«¯å£: 9001
2025-08-10 13:38:33 [WARNING ] dingtalk_dify_adapter: Dify APIè¿æ¥æµ‹è¯•å¤±è´¥ï¼Œä½†ç»§ç»­å¯åŠ¨... [app:998]
2025-08-10 13:38:33 [INFO    ] dingtalk_dify_adapter: ä½¿ç”¨æ¨¡å—åŒ–å¤„ç†å™¨
2025-08-10 13:38:33 [INFO    ] dingtalk_dify_adapter: ä½¿ç”¨ChatbotMessage.TOPICæ³¨å†Œå¤„ç†å™¨
2025-08-10 13:38:33 [INFO    ] dingtalk_dify_adapter: å¯åŠ¨é’‰é’‰-Difyæµå¼é€‚é…å™¨ - ç»Ÿä¸€ç‰ˆ...
2025-08-10 13:38:33 [INFO    ] dingtalk_dify_adapter: æœåŠ¡å™¨åœ°å€: 0.0.0.0:9000
2025-08-10 13:38:33 [INFO    ] dingtalk_dify_adapter: Dify API: http://1.92.133.173/v1
2025-08-10 13:38:33 [INFO    ] dingtalk_dify_adapter: å¤„ç†å™¨ç±»å‹: æ¨¡å—åŒ–
2025-08-10 13:38:33 [INFO    ] dingtalk_dify_adapter: æ”¯æŒçš„æ¶ˆæ¯ç±»å‹: æ–‡æœ¬ã€å›¾ç‰‡ã€è¯­éŸ³ã€æ–‡ä»¶
2025-08-10 13:38:33 [INFO    ] dingtalk_dify_adapter: æ—¥å¿—ç›‘æ§åœ°å€: http://localhost:9001
2025-08-10 13:38:35 [INFO    ] dingtalk_dify_adapter: å·²è‡ªåŠ¨æ‰“å¼€æµè§ˆå™¨: http://localhost:9001
2025-08-10 15:18:38 [INFO    ] dingtalk_dify_adapter: æ­£åœ¨åº”ç”¨SSLä¿®å¤...
2025-08-10 15:18:41 [INFO    ] dingtalk_dify_adapter: SSLä¿®å¤å®Œæˆ: 7/7 é¡¹æˆåŠŸ
2025-08-10 15:18:41 [WARNING ] dingtalk_dify_adapter: Dify APIè¿æ¥æµ‹è¯•å¤±è´¥ï¼Œä½†ç»§ç»­å¯åŠ¨... [app:506]
2025-08-10 15:18:41 [INFO    ] dingtalk_dify_adapter: ä½¿ç”¨æ¨¡å—åŒ–å¤„ç†å™¨
2025-08-10 15:18:41 [INFO    ] dingtalk_dify_adapter: ä½¿ç”¨ChatbotMessage.TOPICæ³¨å†Œå¤„ç†å™¨
2025-08-10 15:18:41 [INFO    ] dingtalk_dify_adapter: å¯åŠ¨é’‰é’‰-Difyæµå¼é€‚é…å™¨ - ç»Ÿä¸€ç‰ˆ...
2025-08-10 15:18:41 [INFO    ] dingtalk_dify_adapter: æœåŠ¡å™¨åœ°å€: 0.0.0.0:9000
2025-08-10 15:18:41 [INFO    ] dingtalk_dify_adapter: Dify API: http://1.92.133.173/v1
2025-08-10 15:18:41 [INFO    ] dingtalk_dify_adapter: å¤„ç†å™¨ç±»å‹: æ¨¡å—åŒ–
2025-08-10 15:18:41 [INFO    ] dingtalk_dify_adapter: æ”¯æŒçš„æ¶ˆæ¯ç±»å‹: æ–‡æœ¬ã€å›¾ç‰‡ã€è¯­éŸ³ã€æ–‡ä»¶
2025-08-10 15:36:55 [INFO    ] dingtalk_dify_adapter: æ‰©å±•ä¿¡æ¯: {'content': {'spaceId': '27020232106', 'fileName': 'å…«å¤§æ€ç»´å¯¼å›¾(22).docx', 'downloadCode': '6oR8P4YsdQ54d+tLk5l5Stg4YBMtLC8nvNo89Ovqy1WsrSJm0Aak80a7eRDAG4OR39Ds0xEKqWmX5G1D6gxup0KlPD5J96ZU2OYzit21rawAq4ViXsZtwDA5uAxY/fe5x/b1GQ2ZEf+0OHYFj9TmVzflJlNRJ7mHg9vf40QlG4Ip0G62GwMlsBEmGwv7hOyT+AhiegqH3F7NEuwhT4ZV/niE7uPGXWSpkeg6qYT7OG0=', 'fileId': '189556369152'}}
2025-08-10 15:36:55 [INFO    ] dingtalk_dify_adapter: ä»contentå­—æ®µæå–æ–‡ä»¶ä¿¡æ¯: {'spaceId': '27020232106', 'fileName': 'å…«å¤§æ€ç»´å¯¼å›¾(22).docx', 'downloadCode': '6oR8P4YsdQ54d+tLk5l5Stg4YBMtLC8nvNo89Ovqy1WsrSJm0Aak80a7eRDAG4OR39Ds0xEKqWmX5G1D6gxup0KlPD5J96ZU2OYzit21rawAq4ViXsZtwDA5uAxY/fe5x/b1GQ2ZEf+0OHYFj9TmVzflJlNRJ7mHg9vf40QlG4Ip0G62GwMlsBEmGwv7hOyT+AhiegqH3F7NEuwhT4ZV/niE7uPGXWSpkeg6qYT7OG0=', 'fileId': '189556369152'}
2025-08-10 15:36:55 [INFO    ] dingtalk_dify_adapter: æˆåŠŸæå–æ–‡ä»¶ä¿¡æ¯: {'name': 'å…«å¤§æ€ç»´å¯¼å›¾(22).docx', 'size': 0, 'type': 'document', 'spaceId': '27020232106', 'downloadCode': '6oR8P4YsdQ54d+tLk5l5Stg4YBMtLC8nvNo89Ovqy1WsrSJm0Aak80a7eRDAG4OR39Ds0xEKqWmX5G1D6gxup0KlPD5J96ZU2OYzit21rawAq4ViXsZtwDA5uAxY/fe5x/b1GQ2ZEf+0OHYFj9TmVzflJlNRJ7mHg9vf40QlG4Ip0G62GwMlsBEmGwv7hOyT+AhiegqH3F7NEuwhT4ZV/niE7uPGXWSpkeg6qYT7OG0=', 'fileId': '189556369152'}
2025-08-10 15:36:55 [INFO    ] dingtalk_dify_adapter: æ‰©å±•ä¿¡æ¯: {'fileName': 'test.docx', 'size': 1024, 'type': 'document'}
2025-08-10 15:36:55 [INFO    ] dingtalk_dify_adapter: æˆåŠŸæå–æ–‡ä»¶ä¿¡æ¯: {'name': 'test.docx', 'size': 1024, 'type': 'document', 'spaceId': None, 'downloadCode': None, 'fileId': None}
2025-08-10 15:36:55 [INFO    ] dingtalk_dify_adapter: æ‰©å±•ä¿¡æ¯: {"content": {"spaceId": "12345", "fileName": "test.txt", "fileId": "67890"}}
2025-08-10 15:36:55 [INFO    ] dingtalk_dify_adapter: ä»contentå­—æ®µæå–æ–‡ä»¶ä¿¡æ¯: {'spaceId': '12345', 'fileName': 'test.txt', 'fileId': '67890'}
2025-08-10 15:36:55 [INFO    ] dingtalk_dify_adapter: æˆåŠŸæå–æ–‡ä»¶ä¿¡æ¯: {'name': 'test.txt', 'size': 0, 'type': 'text', 'spaceId': '12345', 'downloadCode': None, 'fileId': '67890'}
2025-08-10 15:36:55 [WARNING ] dingtalk_dify_adapter: æ— æ³•ä»æ¶ˆæ¯ä¸­æå–æœ‰æ•ˆçš„æ–‡ä»¶ä¿¡æ¯ [file_handler:154]
